[debug] [2021-04-22T18:49:38.777Z] ----------------------------------------------------------------------
[debug] [2021-04-22T18:49:38.780Z] Command:       C:\Program Files\nodejs\node.exe C:\Users\Luka\AppData\Roaming\npm\node_modules\firebase-tools\lib\bin\firebase.js init
[debug] [2021-04-22T18:49:38.780Z] CLI Version:   9.10.0
[debug] [2021-04-22T18:49:38.780Z] Platform:      win32
[debug] [2021-04-22T18:49:38.781Z] Node Version:  v12.16.3
[debug] [2021-04-22T18:49:38.782Z] Time:          Thu Apr 22 2021 22:49:38 GMT+0400 (Georgia Standard Time)
[debug] [2021-04-22T18:49:38.782Z] ----------------------------------------------------------------------
[debug] 
[debug] [2021-04-22T18:49:38.794Z] > command requires scopes: ["email","openid","https://www.googleapis.com/auth/cloudplatformprojects.readonly","https://www.googleapis.com/auth/firebase","https://www.googleapis.com/auth/cloud-platform"]
[debug] [2021-04-22T18:49:38.794Z] > authorizing via signed-in user (hhaker035@gmail.com)
[info] 
     ######## #### ########  ######## ########     ###     ######  ########
     ##        ##  ##     ## ##       ##     ##  ##   ##  ##       ##
     ######    ##  ########  ######   ########  #########  ######  ######
     ##        ##  ##    ##  ##       ##     ## ##     ##       ## ##
     ##       #### ##     ## ######## ########  ##     ##  ######  ########

You're about to initialize a Firebase project in this directory:

  C:\Users\Luka\Desktop\Nova News

[info] 
=== Project Setup
[info] 
[info] First, let's associate this project directory with a Firebase project.
[info] You can create multiple project aliases by running firebase use --add, 
[info] but for now we'll just set up a default project.
[info] 
[debug] [2021-04-22T18:50:16.073Z] >>> [apiv2][query] GET https://firebase.googleapis.com/v1beta1/projects pageSize=100
[debug] [2021-04-22T18:50:16.871Z] <<< [apiv2][status] GET https://firebase.googleapis.com/v1beta1/projects 200
[debug] [2021-04-22T18:50:16.872Z] <<< [apiv2][body] GET https://firebase.googleapis.com/v1beta1/projects [omitted]
